********************************************************************************
DUPLICATOR-LITE PACKAGE-LOG: 15th December 2020 10:23 am
NOTICE: Do NOT post to public sites or forums 
********************************************************************************
VERSION:	1.3.40
WORDPRESS:	5.6
PHP INFO:	7.2.33 | SAPI: apache2handler
SERVER:		Apache/2.4.46 (Unix) OpenSSL/1.1.1g PHP/7.2.33 mod_perl/2.0.11 Perl/v5.32.0 
PHP TIME LIMIT: (0) no time limit imposed 
PHP MAX MEMORY: 4294967296 (512M default) 
MEMORY STACK: 24.25MB

********************************************************************************
DATABASE:
********************************************************************************
BUILD MODE:   PHP(query limit - 100)
MYSQLTIMEOUT: 5000
MYSQLDUMP:    Not Supported
TABLES: total:42 | filtered:0 | create:42
FILTERED: []
SQL CREATED: 20201210_al3d_91fb455e2478486d7025_20201215102257_database.sql
SQL FILE SIZE: 5.12MB (5371631)
SQL FILE TIME: 2020-12-15 10:23:21
SQL RUNTIME: 0.38 sec.

********************************************************************************
ARCHIVE (ZIP):
********************************************************************************
ARCHIVE DIR:  /Applications/XAMPP/xamppfiles/htdocs/al3d.co.uk
ARCHIVE FILE: 20201210_al3d_91fb455e2478486d7025_20201215102257_archive.zip
FILTERS: *OFF*
DIRS:
	not set
FILES:
	not set
EXTS:  not set
----------------------------------------
COMPRESSING
SIZE:	0B
STATS:	Dirs 0 | Files 0
SQL ADDED: 20201210_al3d_91fb455e2478486d7025_20201215102257_database.sql
ZipArchive Object
(
    [status] => 0
    [statusSys] => 0
    [numFiles] => 1
    [filename] => /Applications/XAMPP/xamppfiles/htdocs/al3d.co.uk/wp-content/backups-dup-lite/tmp/20201210_al3d_91fb455e2478486d7025_20201215102257_archive.zip
    [comment] => 
)

FILE ADDED TO ZIP: 0
COMPRESSION RESULT: '1'
COMPRESSED SIZE: 476.61KB
ARCHIVE RUNTIME: 0.31 sec.
MEMORY STACK: 24.25MB
building installer
add_extra_files1
add_extra_files2
add_extra_files3
add_extra_files4
Doing archive file check
add_extra_files5
add_extra_files6
add_extra_files8
Successfully opened zip /Applications/XAMPP/xamppfiles/htdocs/al3d.co.uk/wp-content/backups-dup-lite/tmp/20201210_al3d_91fb455e2478486d7025_20201215102257_archive.zip
Adding enhanced installer files to archive using ZipArchive
Installer files added to archive
Added to archive
After ziparchive close when adding installer

********************************************************************************
INTEGRITY CHECKS:
********************************************************************************
SQL FILE: 5.12MB
INSTALLER FILE: 61.31KB
ARCHIVE FILE: 1.94MB 
EXPECTED FILE/DIRECTORY COUNT: 0
ACTUAL FILE/DIRECTORY COUNT: 0
ARCHIVE CONSISTENCY TEST: Pass

********************************************************************************
RECORD ID:[2]
TOTAL PROCESS RUNTIME: 1.20 sec.
PEAK PHP MEMORY USED: 30.25MB
DONE PROCESSING => 20201210_al3d 15th December 2020 10:23 am

